1634683661843	mozrunner::runner	INFO	Running command: "/usr/bin/firefox" "-marionette" "-foreground" "-no-remote" "-profile" "/tmp/rust_mozprofile.cdAjIOmFiVuw"
1634683662601	Marionette	INFO	Marionette enabled
console.warn: SearchSettings: "get: No settings file exists, new profile?" (new NotFoundError("Could not open the file at /tmp/rust_mozprofile.cdAjIOmFiVuw/search.json.mozlz4", (void 0)))
1634683663785	Marionette	INFO	Listening on port 38663
1634683663879	RemoteAgent	WARN	TLS certificate errors will be ignored for this session
JavaScript warning: https://www.googletagmanager.com/gtm.js?id=GTM-TP845S&l=googleTagManagerDataLayer, line 284: unreachable code after return statement
JavaScript warning: https://www.googletagmanager.com/gtm.js?id=GTM-TP845S&l=googleTagManagerDataLayer, line 284: unreachable code after return statement
JavaScript warning: https://www.googletagmanager.com/gtm.js?id=GTM-TP845S&l=googleTagManagerDataLayer, line 284: unreachable code after return statement
JavaScript warning: https://www.googletagmanager.com/gtm.js?id=GTM-TP845S&l=googleTagManagerDataLayer, line 284: unreachable code after return statement
JavaScript warning: https://www.googletagmanager.com/gtm.js?id=GTM-TP845S&l=googleTagManagerDataLayer, line 284: unreachable code after return statement
JavaScript warning: https://www.googletagmanager.com/gtm.js?id=GTM-TP845S&l=googleTagManagerDataLayer, line 284: unreachable code after return statement
JavaScript warning: https://www.googletagmanager.com/gtm.js?id=GTM-TP845S&l=googleTagManagerDataLayer, line 284: unreachable code after return statement
JavaScript warning: https://www.googletagmanager.com/gtm.js?id=GTM-TP845S&l=googleTagManagerDataLayer, line 284: unreachable code after return statement
1634684012983	mozrunner::runner	INFO	Running command: "/usr/bin/firefox" "-marionette" "-foreground" "-no-remote" "-profile" "/tmp/rust_mozprofile.rP4VjfQVqoT2"
1634684013688	Marionette	INFO	Marionette enabled
console.warn: SearchSettings: "get: No settings file exists, new profile?" (new NotFoundError("Could not open the file at /tmp/rust_mozprofile.rP4VjfQVqoT2/search.json.mozlz4", (void 0)))
1634684015120	Marionette	INFO	Listening on port 42897
1634684015197	RemoteAgent	WARN	TLS certificate errors will be ignored for this session
JavaScript warning: https://www.googletagmanager.com/gtm.js?id=GTM-TP845S&l=googleTagManagerDataLayer, line 284: unreachable code after return statement
JavaScript warning: https://www.googletagmanager.com/gtm.js?id=GTM-TP845S&l=googleTagManagerDataLayer, line 284: unreachable code after return statement
JavaScript warning: https://www.googletagmanager.com/gtm.js?id=GTM-TP845S&l=googleTagManagerDataLayer, line 284: unreachable code after return statement
JavaScript warning: https://www.googletagmanager.com/gtm.js?id=GTM-TP845S&l=googleTagManagerDataLayer, line 284: unreachable code after return statement
console.log: WebExtensions: reset-default-search: starting.
console.log: WebExtensions: reset-default-search: No addons in our list are installed.
JavaScript warning: https://pagead2.googlesyndication.com/bg/QjHKgOpm15qTJXWLxUnNMS8wTt6682k-qtw68OFTrDs.js line 1 > eval line 2925 > eval line 1 > eval, line 1: WEBGL_debug_renderer_info is deprecated in Firefox and will be removed. Please use RENDERER.
JavaScript warning: https://pagead2.googlesyndication.com/bg/QjHKgOpm15qTJXWLxUnNMS8wTt6682k-qtw68OFTrDs.js line 1 > eval line 4103 > eval, line 1: WEBGL_debug_renderer_info is deprecated in Firefox and will be removed. Please use RENDERER.
JavaScript warning: https://pagead2.googlesyndication.com/bg/QjHKgOpm15qTJXWLxUnNMS8wTt6682k-qtw68OFTrDs.js line 1 > eval line 7098 > eval line 1 > eval, line 1: WEBGL_debug_renderer_info is deprecated in Firefox and will be removed. Please use RENDERER.
JavaScript warning: https://pagead2.googlesyndication.com/bg/QjHKgOpm15qTJXWLxUnNMS8wTt6682k-qtw68OFTrDs.js line 1 > eval line 3082 > eval, line 1: WEBGL_debug_renderer_info is deprecated in Firefox and will be removed. Please use RENDERER.
console.log: WebExtensions: reset-default-search: starting.
console.log: WebExtensions: reset-default-search: No addons in our list are installed.
JavaScript warning: https://pagead2.googlesyndication.com/bg/QjHKgOpm15qTJXWLxUnNMS8wTt6682k-qtw68OFTrDs.js line 1 > eval line 2606 > eval, line 1: WEBGL_debug_renderer_info is deprecated in Firefox and will be removed. Please use RENDERER.
JavaScript warning: https://pagead2.googlesyndication.com/bg/QjHKgOpm15qTJXWLxUnNMS8wTt6682k-qtw68OFTrDs.js line 1 > eval line 1886 > eval line 1 > eval, line 1: WEBGL_debug_renderer_info is deprecated in Firefox and will be removed. Please use RENDERER.
JavaScript error: , line 0: TypeError: NetworkError when attempting to fetch resource.
JavaScript error: , line 0: TypeError: NetworkError when attempting to fetch resource.
JavaScript error: , line 0: TypeError: NetworkError when attempting to fetch resource.
JavaScript error: , line 0: TypeError: NetworkError when attempting to fetch resource.
JavaScript error: , line 0: TypeError: NetworkError when attempting to fetch resource.
JavaScript warning: https://pagead2.googlesyndication.com/bg/QjHKgOpm15qTJXWLxUnNMS8wTt6682k-qtw68OFTrDs.js line 1 > eval line 345 > eval line 1 > eval, line 1: WEBGL_debug_renderer_info is deprecated in Firefox and will be removed. Please use RENDERER.
JavaScript warning: https://pagead2.googlesyndication.com/bg/QjHKgOpm15qTJXWLxUnNMS8wTt6682k-qtw68OFTrDs.js line 1 > eval line 6888 > eval, line 1: WEBGL_debug_renderer_info is deprecated in Firefox and will be removed. Please use RENDERER.
1634684672950	mozrunner::runner	INFO	Running command: "/usr/bin/firefox" "-marionette" "-foreground" "-no-remote" "-profile" "/tmp/rust_mozprofile.itQV732PHVKV"
1634684673675	Marionette	INFO	Marionette enabled
console.warn: SearchSettings: "get: No settings file exists, new profile?" (new NotFoundError("Could not open the file at /tmp/rust_mozprofile.itQV732PHVKV/search.json.mozlz4", (void 0)))
1634684675120	Marionette	INFO	Listening on port 44109
1634684675169	RemoteAgent	WARN	TLS certificate errors will be ignored for this session
JavaScript warning: https://www.googletagmanager.com/gtm.js?id=GTM-TP845S&l=googleTagManagerDataLayer, line 284: unreachable code after return statement
JavaScript warning: https://www.googletagmanager.com/gtm.js?id=GTM-TP845S&l=googleTagManagerDataLayer, line 284: unreachable code after return statement
JavaScript warning: https://www.googletagmanager.com/gtm.js?id=GTM-TP845S&l=googleTagManagerDataLayer, line 284: unreachable code after return statement
JavaScript warning: https://www.googletagmanager.com/gtm.js?id=GTM-TP845S&l=googleTagManagerDataLayer, line 284: unreachable code after return statement
JavaScript error: , line 0: TypeError: NetworkError when attempting to fetch resource.
JavaScript error: , line 0: TypeError: NetworkError when attempting to fetch resource.
JavaScript warning: https://pagead2.googlesyndication.com/bg/QjHKgOpm15qTJXWLxUnNMS8wTt6682k-qtw68OFTrDs.js line 1 > eval line 4048 > eval line 1 > eval, line 1: WEBGL_debug_renderer_info is deprecated in Firefox and will be removed. Please use RENDERER.
JavaScript warning: https://pagead2.googlesyndication.com/bg/QjHKgOpm15qTJXWLxUnNMS8wTt6682k-qtw68OFTrDs.js line 1 > eval line 6285 > eval line 1 > eval, line 1: WEBGL_debug_renderer_info is deprecated in Firefox and will be removed. Please use RENDERER.
JavaScript warning: https://pagead2.googlesyndication.com/bg/QjHKgOpm15qTJXWLxUnNMS8wTt6682k-qtw68OFTrDs.js line 1 > eval line 7393 > eval line 1 > eval, line 1: WEBGL_debug_renderer_info is deprecated in Firefox and will be removed. Please use RENDERER.
JavaScript warning: https://pagead2.googlesyndication.com/bg/QjHKgOpm15qTJXWLxUnNMS8wTt6682k-qtw68OFTrDs.js line 1 > eval line 6880 > eval, line 1: WEBGL_debug_renderer_info is deprecated in Firefox and will be removed. Please use RENDERER.
JavaScript warning: https://pagead2.googlesyndication.com/bg/QjHKgOpm15qTJXWLxUnNMS8wTt6682k-qtw68OFTrDs.js line 1 > eval line 844 > eval, line 1: WEBGL_debug_renderer_info is deprecated in Firefox and will be removed. Please use RENDERER.
JavaScript warning: https://pagead2.googlesyndication.com/bg/QjHKgOpm15qTJXWLxUnNMS8wTt6682k-qtw68OFTrDs.js line 1 > eval line 5046 > eval, line 1: WEBGL_debug_renderer_info is deprecated in Firefox and will be removed. Please use RENDERER.
JavaScript warning: https://pagead2.googlesyndication.com/bg/QjHKgOpm15qTJXWLxUnNMS8wTt6682k-qtw68OFTrDs.js line 1 > eval line 4292 > eval, line 1: WEBGL_debug_renderer_info is deprecated in Firefox and will be removed. Please use RENDERER.
JavaScript warning: https://pagead2.googlesyndication.com/bg/QjHKgOpm15qTJXWLxUnNMS8wTt6682k-qtw68OFTrDs.js line 1 > eval line 5545 > eval line 1 > eval, line 1: WEBGL_debug_renderer_info is deprecated in Firefox and will be removed. Please use RENDERER.
JavaScript warning: https://pagead2.googlesyndication.com/bg/QjHKgOpm15qTJXWLxUnNMS8wTt6682k-qtw68OFTrDs.js line 1 > eval line 786 > eval line 1 > eval, line 1: WEBGL_debug_renderer_info is deprecated in Firefox and will be removed. Please use RENDERER.
JavaScript warning: https://pagead2.googlesyndication.com/bg/QjHKgOpm15qTJXWLxUnNMS8wTt6682k-qtw68OFTrDs.js line 1 > eval line 210 > eval line 1 > eval, line 1: WEBGL_debug_renderer_info is deprecated in Firefox and will be removed. Please use RENDERER.
console.log: WebExtensions: reset-default-search: starting.
console.log: WebExtensions: reset-default-search: No addons in our list are installed.
1634685066954	Marionette	INFO	Stopped listening on port 44109
JavaScript error: resource:///modules/Interactions.jsm, line 201: NS_ERROR_FAILURE: Component returned failure code: 0x80004005 (NS_ERROR_FAILURE) [nsIUserIdleService.removeIdleObserver]
console.warn: TopSitesFeed: Failed to fetch data from Contile server: NetworkError when attempting to fetch resource.
1634685069327	Marionette	INFO	Stopped listening on port 42897
JavaScript error: resource:///modules/Interactions.jsm, line 201: NS_ERROR_FAILURE: Component returned failure code: 0x80004005 (NS_ERROR_FAILURE) [nsIUserIdleService.removeIdleObserver]
console.warn: TopSitesFeed: Failed to fetch data from Contile server: NetworkError when attempting to fetch resource.

###!!! [Parent][RunMessage] Error: Channel closing: too late to send/recv, messages will be lost

1634685072637	mozrunner::runner	INFO	Running command: "/usr/bin/firefox" "-marionette" "-foreground" "-no-remote" "-profile" "/tmp/rust_mozprofile.qg0amOgjfkcq"
1634685073392	Marionette	INFO	Marionette enabled
console.warn: SearchSettings: "get: No settings file exists, new profile?" (new NotFoundError("Could not open the file at /tmp/rust_mozprofile.qg0amOgjfkcq/search.json.mozlz4", (void 0)))
1634685074518	Marionette	INFO	Listening on port 42411
1634685074552	RemoteAgent	WARN	TLS certificate errors will be ignored for this session
JavaScript warning: https://www.googletagmanager.com/gtm.js?id=GTM-TP845S&l=googleTagManagerDataLayer, line 284: unreachable code after return statement
JavaScript warning: https://www.googletagmanager.com/gtm.js?id=GTM-TP845S&l=googleTagManagerDataLayer, line 284: unreachable code after return statement
JavaScript warning: https://www.googletagmanager.com/gtm.js?id=GTM-TP845S&l=googleTagManagerDataLayer, line 284: unreachable code after return statement
JavaScript warning: https://www.googletagmanager.com/gtm.js?id=GTM-TP845S&l=googleTagManagerDataLayer, line 284: unreachable code after return statement
JavaScript error: , line 0: TypeError: NetworkError when attempting to fetch resource.
JavaScript error: , line 0: TypeError: NetworkError when attempting to fetch resource.
JavaScript error: , line 0: TypeError: NetworkError when attempting to fetch resource.
JavaScript error: , line 0: TypeError: NetworkError when attempting to fetch resource.
JavaScript warning: https://ajax.googleapis.com/ajax/libs/jquery/1.12.4/jquery.min.js, line 3: Script terminated by timeout at:
add/r.handle@https://ajax.googleapis.com/ajax/libs/jquery/1.12.4/jquery.min.js:3:9086

JavaScript error: , line 0: TypeError: NetworkError when attempting to fetch resource.
JavaScript error: , line 0: TypeError: NetworkError when attempting to fetch resource.
JavaScript error: , line 0: TypeError: NetworkError when attempting to fetch resource.
JavaScript warning: https://pagead2.googlesyndication.com/bg/QjHKgOpm15qTJXWLxUnNMS8wTt6682k-qtw68OFTrDs.js line 1 > eval line 4227 > eval, line 1: WEBGL_debug_renderer_info is deprecated in Firefox and will be removed. Please use RENDERER.
JavaScript warning: https://pagead2.googlesyndication.com/bg/QjHKgOpm15qTJXWLxUnNMS8wTt6682k-qtw68OFTrDs.js line 1 > eval line 800 > eval line 1 > eval, line 1: WEBGL_debug_renderer_info is deprecated in Firefox and will be removed. Please use RENDERER.
JavaScript error: , line 0: TypeError: NetworkError when attempting to fetch resource.
JavaScript error: , line 0: TypeError: NetworkError when attempting to fetch resource.
JavaScript error: , line 0: TypeError: NetworkError when attempting to fetch resource.
1634685415974	Marionette	INFO	Stopped listening on port 42411
JavaScript error: resource:///modules/Interactions.jsm, line 201: NS_ERROR_FAILURE: Component returned failure code: 0x80004005 (NS_ERROR_FAILURE) [nsIUserIdleService.removeIdleObserver]
console.warn: TopSitesFeed: Failed to fetch data from Contile server: NetworkError when attempting to fetch resource.
1634685421900	mozrunner::runner	INFO	Running command: "/usr/bin/firefox" "-marionette" "-foreground" "-no-remote" "-profile" "/tmp/rust_mozprofile.CD2iYmAVt6dl"
1634685422638	Marionette	INFO	Marionette enabled
console.warn: SearchSettings: "get: No settings file exists, new profile?" (new NotFoundError("Could not open the file at /tmp/rust_mozprofile.CD2iYmAVt6dl/search.json.mozlz4", (void 0)))
1634685423930	Marionette	INFO	Listening on port 34989
1634685424016	RemoteAgent	WARN	TLS certificate errors will be ignored for this session
JavaScript warning: https://www.googletagmanager.com/gtm.js?id=GTM-TP845S&l=googleTagManagerDataLayer, line 284: unreachable code after return statement
JavaScript warning: https://www.googletagmanager.com/gtm.js?id=GTM-TP845S&l=googleTagManagerDataLayer, line 284: unreachable code after return statement
JavaScript warning: https://www.googletagmanager.com/gtm.js?id=GTM-TP845S&l=googleTagManagerDataLayer, line 284: unreachable code after return statement
JavaScript warning: https://www.googletagmanager.com/gtm.js?id=GTM-TP845S&l=googleTagManagerDataLayer, line 284: unreachable code after return statement
1634685470229	mozrunner::runner	INFO	Running command: "/usr/bin/firefox" "-marionette" "-foreground" "-no-remote" "-profile" "/tmp/rust_mozprofile.MB4umE9chszQ"
1634685471008	Marionette	INFO	Marionette enabled
console.warn: SearchSettings: "get: No settings file exists, new profile?" (new NotFoundError("Could not open the file at /tmp/rust_mozprofile.MB4umE9chszQ/search.json.mozlz4", (void 0)))
1634685472213	Marionette	INFO	Listening on port 44955
1634685472288	Marionette	INFO	Stopped listening on port 44955
console.warn: services.settings: main/message-groups sync interrupted by shutdown
JavaScript error: resource:///modules/Interactions.jsm, line 201: NS_ERROR_FAILURE: Component returned failure code: 0x80004005 (NS_ERROR_FAILURE) [nsIUserIdleService.removeIdleObserver]
console.warn: TopSitesFeed: Failed to fetch data from Contile server: NetworkError when attempting to fetch resource.

###!!! [Parent][RunMessage] Error: Channel closing: too late to send/recv, messages will be lost

1634685474355	Marionette	INFO	Stopped listening on port 34989
JavaScript error: resource:///modules/Interactions.jsm, line 201: NS_ERROR_FAILURE: Component returned failure code: 0x80004005 (NS_ERROR_FAILURE) [nsIUserIdleService.removeIdleObserver]
console.warn: TopSitesFeed: Failed to fetch data from Contile server: NetworkError when attempting to fetch resource.
1634685476428	mozrunner::runner	INFO	Running command: "/usr/bin/firefox" "-marionette" "-foreground" "-no-remote" "-profile" "/tmp/rust_mozprofile.egDripL3peNs"
1634685477159	Marionette	INFO	Marionette enabled
console.warn: SearchSettings: "get: No settings file exists, new profile?" (new NotFoundError("Could not open the file at /tmp/rust_mozprofile.egDripL3peNs/search.json.mozlz4", (void 0)))
1634685478423	Marionette	INFO	Listening on port 34797
1634685478453	RemoteAgent	WARN	TLS certificate errors will be ignored for this session
JavaScript warning: https://www.googletagmanager.com/gtm.js?id=GTM-TP845S&l=googleTagManagerDataLayer, line 284: unreachable code after return statement
JavaScript warning: https://www.googletagmanager.com/gtm.js?id=GTM-TP845S&l=googleTagManagerDataLayer, line 284: unreachable code after return statement
JavaScript warning: https://www.googletagmanager.com/gtm.js?id=GTM-TP845S&l=googleTagManagerDataLayer, line 284: unreachable code after return statement
JavaScript warning: https://www.googletagmanager.com/gtm.js?id=GTM-TP845S&l=googleTagManagerDataLayer, line 284: unreachable code after return statement
1634685501528	Marionette	INFO	Stopped listening on port 34797
JavaScript error: resource:///modules/Interactions.jsm, line 201: NS_ERROR_FAILURE: Component returned failure code: 0x80004005 (NS_ERROR_FAILURE) [nsIUserIdleService.removeIdleObserver]
console.warn: TopSitesFeed: Failed to fetch data from Contile server: NetworkError when attempting to fetch resource.

###!!! [Parent][RunMessage] Error: Channel closing: too late to send/recv, messages will be lost

1634685512066	Marionette	INFO	Stopped listening on port 38663
JavaScript error: , line 0: TypeError: NetworkError when attempting to fetch resource.
JavaScript error: , line 0: TypeError: NetworkError when attempting to fetch resource.
JavaScript error: , line 0: TypeError: NetworkError when attempting to fetch resource.
JavaScript error: , line 0: TypeError: NetworkError when attempting to fetch resource.
JavaScript error: , line 0: TypeError: NetworkError when attempting to fetch resource.
JavaScript error: , line 0: TypeError: NetworkError when attempting to fetch resource.
JavaScript error: , line 0: TypeError: NetworkError when attempting to fetch resource.
JavaScript error: , line 0: TypeError: NetworkError when attempting to fetch resource.
JavaScript error: , line 0: TypeError: NetworkError when attempting to fetch resource.
JavaScript error: , line 0: TypeError: NetworkError when attempting to fetch resource.
JavaScript error: , line 0: TypeError: NetworkError when attempting to fetch resource.
JavaScript error: , line 0: TypeError: NetworkError when attempting to fetch resource.
JavaScript error: , line 0: TypeError: NetworkError when attempting to fetch resource.
JavaScript error: , line 0: TypeError: NetworkError when attempting to fetch resource.
JavaScript error: , line 0: TypeError: NetworkError when attempting to fetch resource.
JavaScript error: resource:///modules/Interactions.jsm, line 201: NS_ERROR_FAILURE: Component returned failure code: 0x80004005 (NS_ERROR_FAILURE) [nsIUserIdleService.removeIdleObserver]

###!!! [Child][RunMessage] Error: Channel closing: too late to send/recv, messages will be lost


###!!! [Child][RunMessage] Error: Channel closing: too late to send/recv, messages will be lost


###!!! [Child][RunMessage] Error: Channel closing: too late to send/recv, messages will be lost


###!!! [Child][RunMessage] Error: Channel closing: too late to send/recv, messages will be lost

console.warn: TopSitesFeed: Failed to fetch data from Contile server: NetworkError when attempting to fetch resource.

###!!! [Parent][RunMessage] Error: Channel closing: too late to send/recv, messages will be lost

